<?xml version="1.0" encoding="UTF-8"?>
<!-- Generated by org.testng.reporters.JUnitReportReporter -->
<testsuite hostname="DESKTOP-M3LFRSK" failures="0" tests="28" name="HomePage.Homepage" time="12.386" errors="1" timestamp="2022-12-07T18:58:36 IST" skipped="25">
  <testcase classname="HomePage.Homepage" name="FIPGTS_00001_FIPGTS_00001" time="2.829"/>
  <system-out/>
  <testcase classname="HomePage.Homepage" name="FIPGTS_00002" time="9.406"/>
  <system-out/>
  <testcase classname="HomePage.Homepage" name="FIPGTS_00001_FIPGTS_00003" time="0.151">
    <error message="invalid selector: Unable to locate an element with the xpath expression //a/[text()=&#039;Know More&#039;] because of the following error:
SyntaxError: Failed to execute &#039;evaluate&#039; on &#039;Document&#039;: The string &#039;//a/[text()=&#039;Know More&#039;]&#039; is not a valid XPath expression.
  (Session info: chrome=108.0.5359.71)
For documentation on this error, please visit: http://seleniumhq.org/exceptions/invalid_selector_exception.html
Build info: version: &#039;3.14.0&#039;, revision: &#039;aacccce0&#039;, time: &#039;2018-08-02T20:19:58.91Z&#039;
System info: host: &#039;DESKTOP-M3LFRSK&#039;, ip: &#039;192.168.1.133&#039;, os.name: &#039;Windows 10&#039;, os.arch: &#039;amd64&#039;, os.version: &#039;10.0&#039;, java.version: &#039;17.0.1&#039;
Driver info: org.openqa.selenium.chrome.ChromeDriver
Capabilities {acceptInsecureCerts: false, browserName: chrome, browserVersion: 108.0.5359.71, chrome: {chromedriverVersion: 108.0.5359.71 (1e0e3868ee06..., userDataDir: C:\Users\SPARKO~1\AppData\L...}, goog:chromeOptions: {debuggerAddress: localhost:62495}, javascriptEnabled: true, networkConnectionEnabled: false, pageLoadStrategy: normal, platform: WINDOWS, platformName: WINDOWS, proxy: Proxy(), setWindowRect: true, strictFileInteractability: false, timeouts: {implicit: 0, pageLoad: 300000, script: 30000}, unhandledPromptBehavior: dismiss and notify, webauthn:extension:credBlob: true, webauthn:extension:largeBlob: true, webauthn:virtualAuthenticators: true}
Session ID: 0f14994e0f38733b7b4ebbbbbf775752
*** Element info: {Using=xpath, value=//a/[text()=&#039;Know More&#039;]}" type="org.openqa.selenium.InvalidSelectorException">
      <![CDATA[org.openqa.selenium.InvalidSelectorException: invalid selector: Unable to locate an element with the xpath expression //a/[text()='Know More'] because of the following error:
SyntaxError: Failed to execute 'evaluate' on 'Document': The string '//a/[text()='Know More']' is not a valid XPath expression.
  (Session info: chrome=108.0.5359.71)
For documentation on this error, please visit: http://seleniumhq.org/exceptions/invalid_selector_exception.html
Build info: version: '3.14.0', revision: 'aacccce0', time: '2018-08-02T20:19:58.91Z'
System info: host: 'DESKTOP-M3LFRSK', ip: '192.168.1.133', os.name: 'Windows 10', os.arch: 'amd64', os.version: '10.0', java.version: '17.0.1'
Driver info: org.openqa.selenium.chrome.ChromeDriver
Capabilities {acceptInsecureCerts: false, browserName: chrome, browserVersion: 108.0.5359.71, chrome: {chromedriverVersion: 108.0.5359.71 (1e0e3868ee06..., userDataDir: C:\Users\SPARKO~1\AppData\L...}, goog:chromeOptions: {debuggerAddress: localhost:62495}, javascriptEnabled: true, networkConnectionEnabled: false, pageLoadStrategy: normal, platform: WINDOWS, platformName: WINDOWS, proxy: Proxy(), setWindowRect: true, strictFileInteractability: false, timeouts: {implicit: 0, pageLoad: 300000, script: 30000}, unhandledPromptBehavior: dismiss and notify, webauthn:extension:credBlob: true, webauthn:extension:largeBlob: true, webauthn:virtualAuthenticators: true}
Session ID: 0f14994e0f38733b7b4ebbbbbf775752
*** Element info: {Using=xpath, value=//a/[text()='Know More']}
at java.base/jdk.internal.reflect.NativeConstructorAccessorImpl.newInstance0(Native Method)
at java.base/jdk.internal.reflect.NativeConstructorAccessorImpl.newInstance(NativeConstructorAccessorImpl.java:77)
at java.base/jdk.internal.reflect.DelegatingConstructorAccessorImpl.newInstance(DelegatingConstructorAccessorImpl.java:45)
at java.base/java.lang.reflect.Constructor.newInstanceWithCaller(Constructor.java:499)
at java.base/java.lang.reflect.Constructor.newInstance(Constructor.java:480)
at org.openqa.selenium.remote.http.W3CHttpResponseCodec.createException(W3CHttpResponseCodec.java:187)
at org.openqa.selenium.remote.http.W3CHttpResponseCodec.decode(W3CHttpResponseCodec.java:122)
at org.openqa.selenium.remote.http.W3CHttpResponseCodec.decode(W3CHttpResponseCodec.java:49)
at org.openqa.selenium.remote.HttpCommandExecutor.execute(HttpCommandExecutor.java:158)
at org.openqa.selenium.remote.service.DriverCommandExecutor.execute(DriverCommandExecutor.java:83)
at org.openqa.selenium.remote.RemoteWebDriver.execute(RemoteWebDriver.java:548)
at org.openqa.selenium.remote.RemoteWebDriver.findElement(RemoteWebDriver.java:322)
at org.openqa.selenium.remote.RemoteWebDriver.findElementByXPath(RemoteWebDriver.java:424)
at org.openqa.selenium.By$ByXPath.findElement(By.java:353)
at org.openqa.selenium.remote.RemoteWebDriver.findElement(RemoteWebDriver.java:314)
at HomePage.Homepage.FIPGTS_00001_FIPGTS_00003(Homepage.java:70)
at java.base/jdk.internal.reflect.NativeMethodAccessorImpl.invoke0(Native Method)
at java.base/jdk.internal.reflect.NativeMethodAccessorImpl.invoke(NativeMethodAccessorImpl.java:77)
at java.base/jdk.internal.reflect.DelegatingMethodAccessorImpl.invoke(DelegatingMethodAccessorImpl.java:43)
at java.base/java.lang.reflect.Method.invoke(Method.java:568)
at org.testng.internal.MethodInvocationHelper.invokeMethod(MethodInvocationHelper.java:133)
at org.testng.internal.TestInvoker.invokeMethod(TestInvoker.java:598)
at org.testng.internal.TestInvoker.invokeTestMethod(TestInvoker.java:173)
at org.testng.internal.MethodRunner.runInSequence(MethodRunner.java:46)
at org.testng.internal.TestInvoker$MethodInvocationAgent.invoke(TestInvoker.java:824)
at org.testng.internal.TestInvoker.invokeTestMethods(TestInvoker.java:146)
at org.testng.internal.TestMethodWorker.invokeTestMethods(TestMethodWorker.java:146)
at org.testng.internal.TestMethodWorker.run(TestMethodWorker.java:128)
at java.base/java.util.ArrayList.forEach(ArrayList.java:1511)
at org.testng.TestRunner.privateRun(TestRunner.java:794)
at org.testng.TestRunner.run(TestRunner.java:596)
at org.testng.SuiteRunner.runTest(SuiteRunner.java:377)
at org.testng.SuiteRunner.runSequentially(SuiteRunner.java:371)
at org.testng.SuiteRunner.privateRun(SuiteRunner.java:332)
at org.testng.SuiteRunner.run(SuiteRunner.java:276)
at org.testng.SuiteRunnerWorker.runSuite(SuiteRunnerWorker.java:53)
at org.testng.SuiteRunnerWorker.run(SuiteRunnerWorker.java:96)
at org.testng.TestNG.runSuitesSequentially(TestNG.java:1212)
at org.testng.TestNG.runSuitesLocally(TestNG.java:1134)
at org.testng.TestNG.runSuites(TestNG.java:1063)
at org.testng.TestNG.run(TestNG.java:1031)
at org.testng.remote.AbstractRemoteTestNG.run(AbstractRemoteTestNG.java:115)
at org.testng.remote.RemoteTestNG.initAndRun(RemoteTestNG.java:251)
at org.testng.remote.RemoteTestNG.main(RemoteTestNG.java:77)
]]>
    </error>
  </testcase> <!-- FIPGTS_00001_FIPGTS_00003 -->
  <system-out/>
  <testcase classname="HomePage.Homepage" name="FIPGTS_00003_FIPGTS_00003">
    <skipped/>
  </testcase> <!-- FIPGTS_00003_FIPGTS_00003 -->
  <system-out/>
  <testcase classname="HomePage.Homepage" name="FIPGTS_00003_FIPGTS_00001">
    <skipped/>
  </testcase> <!-- FIPGTS_00003_FIPGTS_00001 -->
  <system-out/>
  <testcase classname="HomePage.Homepage" name="FIPGTS_00002_FIPGTS_00002">
    <skipped/>
  </testcase> <!-- FIPGTS_00002_FIPGTS_00002 -->
  <system-out/>
  <testcase classname="HomePage.Homepage" name="FIPGTS_00002_FIPGTS_00001">
    <skipped/>
  </testcase> <!-- FIPGTS_00002_FIPGTS_00001 -->
  <system-out/>
  <testcase classname="HomePage.Homepage" name="FIPGTS_00003_FIPGTS_00002">
    <skipped/>
  </testcase> <!-- FIPGTS_00003_FIPGTS_00002 -->
  <system-out/>
  <testcase classname="HomePage.Homepage" name="FIPGTS_00002_FIPGTS_000011">
    <skipped/>
  </testcase> <!-- FIPGTS_00002_FIPGTS_000011 -->
  <system-out/>
  <testcase classname="HomePage.Homepage" name="FIPGTS_00002_FIPGTS_000012">
    <skipped/>
  </testcase> <!-- FIPGTS_00002_FIPGTS_000012 -->
  <system-out/>
  <testcase classname="HomePage.Homepage" name="FIPGTS_00002_FIPGTS_000010">
    <skipped/>
  </testcase> <!-- FIPGTS_00002_FIPGTS_000010 -->
  <system-out/>
  <testcase classname="HomePage.Homepage" name="FIPGTS_00001_FIPGTS_00008">
    <skipped/>
  </testcase> <!-- FIPGTS_00001_FIPGTS_00008 -->
  <system-out/>
  <testcase classname="HomePage.Homepage" name="FIPGTS_00002_FIPGTS_00009">
    <skipped/>
  </testcase> <!-- FIPGTS_00002_FIPGTS_00009 -->
  <system-out/>
  <testcase classname="HomePage.Homepage" name="FIPGTS_00002_FIPGTS_00005">
    <skipped/>
  </testcase> <!-- FIPGTS_00002_FIPGTS_00005 -->
  <system-out/>
  <testcase classname="HomePage.Homepage" name="FIPGTS_00003_FIPGTS_00008">
    <skipped/>
  </testcase> <!-- FIPGTS_00003_FIPGTS_00008 -->
  <system-out/>
  <testcase classname="HomePage.Homepage" name="FIPGTS_00002_FIPGTS_00008">
    <skipped/>
  </testcase> <!-- FIPGTS_00002_FIPGTS_00008 -->
  <system-out/>
  <testcase classname="HomePage.Homepage" name="FIPGTS_00001_FIPGTS_00005">
    <skipped/>
  </testcase> <!-- FIPGTS_00001_FIPGTS_00005 -->
  <system-out/>
  <testcase classname="HomePage.Homepage" name="FIPGTS_00003_FIPGTS_00006">
    <skipped/>
  </testcase> <!-- FIPGTS_00003_FIPGTS_00006 -->
  <system-out/>
  <testcase classname="HomePage.Homepage" name="FIPGTS_00002_FIPGTS_00007">
    <skipped/>
  </testcase> <!-- FIPGTS_00002_FIPGTS_00007 -->
  <system-out/>
  <testcase classname="HomePage.Homepage" name="FIPGTS_00003_FIPGTS_00009">
    <skipped/>
  </testcase> <!-- FIPGTS_00003_FIPGTS_00009 -->
  <system-out/>
  <testcase classname="HomePage.Homepage" name="FIPGTS_00001_FIPGTS_00006">
    <skipped/>
  </testcase> <!-- FIPGTS_00001_FIPGTS_00006 -->
  <system-out/>
  <testcase classname="HomePage.Homepage" name="FIPGTS_00003_FIPGTS_00004">
    <skipped/>
  </testcase> <!-- FIPGTS_00003_FIPGTS_00004 -->
  <system-out/>
  <testcase classname="HomePage.Homepage" name="FIPGTS_00002_FIPGTS_00004">
    <skipped/>
  </testcase> <!-- FIPGTS_00002_FIPGTS_00004 -->
  <system-out/>
  <testcase classname="HomePage.Homepage" name="FIPGTS_00003_FIPGTS_00007">
    <skipped/>
  </testcase> <!-- FIPGTS_00003_FIPGTS_00007 -->
  <system-out/>
  <testcase classname="HomePage.Homepage" name="FIPGTS_00002_FIPGTS_00003">
    <skipped/>
  </testcase> <!-- FIPGTS_00002_FIPGTS_00003 -->
  <system-out/>
  <testcase classname="HomePage.Homepage" name="FIPGTS_00001_FIPGTS_00004">
    <skipped/>
  </testcase> <!-- FIPGTS_00001_FIPGTS_00004 -->
  <system-out/>
  <testcase classname="HomePage.Homepage" name="FIPGTS_00002_FIPGTS_00006">
    <skipped/>
  </testcase> <!-- FIPGTS_00002_FIPGTS_00006 -->
  <system-out/>
  <testcase classname="HomePage.Homepage" name="FIPGTS_00001_FIPGTS_00007">
    <skipped/>
  </testcase> <!-- FIPGTS_00001_FIPGTS_00007 -->
  <system-out/>
</testsuite> <!-- HomePage.Homepage -->
