<?xml version="1.0" encoding="UTF-8"?>
<!-- Generated by org.testng.reporters.JUnitReportReporter -->
<testsuite hostname="DESKTOP-DASU994" failures="0" tests="28" name="HomePage.Rough" time="135.198" errors="0" timestamp="2022-03-05T13:19:59 PST" skipped="0">
  <testcase classname="HomePage.Rough" name="FIPGTS_00001_FIPGTS_00001" time="2.990"/>
  <system-out/>
  <testcase classname="HomePage.Rough" name="FIPGTS_00002" time="7.490"/>
  <system-out/>
  <testcase classname="HomePage.Rough" name="FIPGTS_00001_FIPGTS_00003" time="2.412"/>
  <system-out/>
  <testcase classname="HomePage.Rough" name="FIPGTS_00001_FIPGTS_00004" time="2.256"/>
  <system-out/>
  <testcase classname="HomePage.Rough" name="FIPGTS_00001_FIPGTS_00005" time="4.417"/>
  <system-out/>
  <testcase classname="HomePage.Rough" name="FIPGTS_00001_FIPGTS_00006" time="10.224"/>
  <system-out/>
  <testcase classname="HomePage.Rough" name="FIPGTS_00001_FIPGTS_00007" time="4.393"/>
  <system-out/>
  <testcase classname="HomePage.Rough" name="FIPGTS_00001_FIPGTS_00008" time="2.600"/>
  <system-out/>
  <testcase classname="HomePage.Rough" name="FIPGTS_00002_FIPGTS_00001" time="2.553"/>
  <system-out/>
  <testcase classname="HomePage.Rough" name="FIPGTS_00002_FIPGTS_00002" time="2.575"/>
  <system-out/>
  <testcase classname="HomePage.Rough" name="FIPGTS_00002_FIPGTS_00003" time="2.561"/>
  <system-out/>
  <testcase classname="HomePage.Rough" name="FIPGTS_00002_FIPGTS_00004" time="2.596"/>
  <system-out/>
  <testcase classname="HomePage.Rough" name="FIPGTS_00002_FIPGTS_00005" time="2.654"/>
  <system-out/>
  <testcase classname="HomePage.Rough" name="FIPGTS_00002_FIPGTS_00006" time="2.654"/>
  <system-out/>
  <testcase classname="HomePage.Rough" name="FIPGTS_00002_FIPGTS_00007" time="8.911"/>
  <system-out/>
  <testcase classname="HomePage.Rough" name="FIPGTS_00002_FIPGTS_00008" time="6.738"/>
  <system-out/>
  <testcase classname="HomePage.Rough" name="FIPGTS_00002_FIPGTS_00009" time="6.771"/>
  <system-out/>
  <testcase classname="HomePage.Rough" name="FIPGTS_00002_FIPGTS_000010" time="7.412"/>
  <system-out/>
  <testcase classname="HomePage.Rough" name="FIPGTS_00002_FIPGTS_000011" time="6.078"/>
  <system-out/>
  <testcase classname="HomePage.Rough" name="FIPGTS_00002_FIPGTS_000012" time="7.285"/>
  <system-out/>
  <testcase classname="HomePage.Rough" name="FIPGTS_00003_FIPGTS_00001" time="4.398"/>
  <system-out/>
  <testcase classname="HomePage.Rough" name="FIPGTS_00003_FIPGTS_00002" time="6.136"/>
  <system-out/>
  <testcase classname="HomePage.Rough" name="FIPGTS_00003_FIPGTS_00003" time="4.909"/>
  <system-out/>
  <testcase classname="HomePage.Rough" name="FIPGTS_00003_FIPGTS_00004" time="2.309"/>
  <system-out/>
  <testcase classname="HomePage.Rough" name="FIPGTS_00003_FIPGTS_00006" time="6.507"/>
  <system-out/>
  <testcase classname="HomePage.Rough" name="FIPGTS_00003_FIPGTS_00007" time="6.651"/>
  <system-out/>
  <testcase classname="HomePage.Rough" name="FIPGTS_00003_FIPGTS_00008" time="4.423"/>
  <system-out/>
  <testcase classname="HomePage.Rough" name="FIPGTS_00003_FIPGTS_00009" time="4.295"/>
  <system-out/>
</testsuite> <!-- HomePage.Rough -->
