<?xml version="1.0" encoding="UTF-8"?>
<!-- Generated by org.testng.reporters.JUnitReportReporter -->
<testsuite hostname="DESKTOP-DASU994" failures="0" tests="4" name="HomePage.rough2" time="25.507" errors="0" timestamp="2022-03-05T13:23:23 PST" skipped="0">
  <testcase classname="HomePage.rough2" name="FIPGTS_00003_FIPGTS_00006" time="9.747"/>
  <system-out/>
  <testcase classname="HomePage.rough2" name="FIPGTS_00003_FIPGTS_00007" time="6.984"/>
  <system-out/>
  <testcase classname="HomePage.rough2" name="FIPGTS_00003_FIPGTS_00008" time="4.337"/>
  <system-out/>
  <testcase classname="HomePage.rough2" name="FIPGTS_00003_FIPGTS_00009" time="4.439"/>
  <system-out/>
</testsuite> <!-- HomePage.rough2 -->
